<?xml version="1.0" encoding="UTF-8"?>
<!-- Generated by org.testng.reporters.JUnitReportReporter -->
<testsuite name="anyAut.Automation.UIanyAut.HomePage.LoginPage.TC001_VefifyLogin" tests="2" time="0.007" ignored="0" failures="0" timestamp="26 Sep 2017 17:24:58 GMT" skipped="1" hostname="DESKTOP-DG3T5GR" errors="1">
  <testcase name="vefifywithvalidcredential" time="0.007" classname="anyAut.Automation.UIanyAut.HomePage.LoginPage.TC001_VefifyLogin">
    <skipped/>
  </testcase> <!-- vefifywithvalidcredential -->
  <testcase name="setUp" time="0.000" classname="anyAut.Automation.UIanyAut.HomePage.LoginPage.TC001_VefifyLogin">
    <error type="java.lang.IllegalStateException" message="The driver executable does not exist: C:\Users\sheet\Documents\Selenium\Driver\MicrosoftWebDriver.exe">
      <![CDATA[java.lang.IllegalStateException: The driver executable does not exist: C:\Users\sheet\Documents\Selenium\Driver\MicrosoftWebDriver.exe
	at com.google.common.base.Preconditions.checkState(Preconditions.java:469)
	at org.openqa.selenium.remote.service.DriverService.checkExecutable(DriverService.java:121)
	at org.openqa.selenium.remote.service.DriverService.findExecutable(DriverService.java:116)
	at org.openqa.selenium.edge.EdgeDriverService.access$000(EdgeDriverService.java:33)
	at org.openqa.selenium.edge.EdgeDriverService$Builder.findDefaultExecutable(EdgeDriverService.java:63)
	at org.openqa.selenium.remote.service.DriverService$Builder.build(DriverService.java:296)
	at org.openqa.selenium.edge.EdgeDriverService.createDefaultService(EdgeDriverService.java:55)
	at org.openqa.selenium.edge.EdgeDriver.<init>(EdgeDriver.java:98)
	at anyAut.Automation.UIanyAut.testBase.ReusbleFunctions.selectBrowser(ReusbleFunctions.java:46)
	at anyAut.Automation.UIanyAut.testBase.ReusbleFunctions.callURL(ReusbleFunctions.java:20)
	at anyAut.Automation.UIanyAut.HomePage.LoginPage.TC001_VefifyLogin.setUp(TC001_VefifyLogin.java:22)
	at sun.reflect.NativeMethodAccessorImpl.invoke0(Native Method)
	at sun.reflect.NativeMethodAccessorImpl.invoke(Unknown Source)
	at sun.reflect.DelegatingMethodAccessorImpl.invoke(Unknown Source)
	at java.lang.reflect.Method.invoke(Unknown Source)
	at org.testng.internal.MethodInvocationHelper.invokeMethod(MethodInvocationHelper.java:104)
	at org.testng.internal.Invoker.invokeConfigurationMethod(Invoker.java:515)
	at org.testng.internal.Invoker.invokeConfigurations(Invoker.java:217)
	at org.testng.internal.Invoker.invokeConfigurations(Invoker.java:144)
	at org.testng.TestRunner.beforeRun(TestRunner.java:634)
	at org.testng.TestRunner.run(TestRunner.java:602)
	at org.testng.SuiteRunner.runTest(SuiteRunner.java:387)
	at org.testng.SuiteRunner.runSequentially(SuiteRunner.java:382)
	at org.testng.SuiteRunner.privateRun(SuiteRunner.java:340)
	at org.testng.SuiteRunner.run(SuiteRunner.java:289)
	at org.testng.SuiteRunnerWorker.runSuite(SuiteRunnerWorker.java:52)
	at org.testng.SuiteRunnerWorker.run(SuiteRunnerWorker.java:86)
	at org.testng.TestNG.runSuitesSequentially(TestNG.java:1293)
	at org.testng.TestNG.runSuitesLocally(TestNG.java:1218)
	at org.testng.TestNG.runSuites(TestNG.java:1133)
	at org.testng.TestNG.run(TestNG.java:1104)
	at org.testng.remote.AbstractRemoteTestNG.run(AbstractRemoteTestNG.java:126)
	at org.testng.remote.RemoteTestNG.initAndRun(RemoteTestNG.java:152)
	at org.testng.remote.RemoteTestNG.main(RemoteTestNG.java:57)
]]>
    </error>
  </testcase> <!-- setUp -->
</testsuite> <!-- anyAut.Automation.UIanyAut.HomePage.LoginPage.TC001_VefifyLogin -->
