<?xml version="1.0" encoding="UTF-8"?>
<!-- Generated by org.testng.reporters.JUnitReportReporter -->
<testsuite name="anyAut.Automation.UIanyAut.HomePage.LoginPage.TC06_VerifywithEmptyUsernameField" tests="1" time="0.947" ignored="0" failures="0" timestamp="28 Sep 2017 18:08:18 GMT" skipped="0" hostname="DESKTOP-DG3T5GR" errors="0">
  <testcase name="verifywithemptyusernamefield" time="0.947" classname="anyAut.Automation.UIanyAut.HomePage.LoginPage.TC06_VerifywithEmptyUsernameField"/>
</testsuite> <!-- anyAut.Automation.UIanyAut.HomePage.LoginPage.TC06_VerifywithEmptyUsernameField -->
