<?xml version="1.0" encoding="UTF-8"?>
<!-- Generated by org.testng.reporters.JUnitReportReporter -->
<testsuite name="anyAut.Automation.UIanyAut.HomePage.LoginPage.TC02_VerifyLoginwithInvalidData" tests="1" time="13.871" ignored="0" failures="0" timestamp="03 Oct 2017 00:09:18 GMT" skipped="0" hostname="DESKTOP-DG3T5GR" errors="0">
  <testcase name="verifywithinvalidcredential" time="13.871" classname="anyAut.Automation.UIanyAut.HomePage.LoginPage.TC02_VerifyLoginwithInvalidData"/>
</testsuite> <!-- anyAut.Automation.UIanyAut.HomePage.LoginPage.TC02_VerifyLoginwithInvalidData -->
