<?xml version="1.0" encoding="UTF-8"?>
<!-- Generated by org.testng.reporters.JUnitReportReporter -->
<testsuite name="anyAut.Automation.UIanyAut.Navigatiopage.TC_02VerifyReusableComponantsnavigation" tests="1" time="17.125" ignored="0" failures="0" timestamp="03 Oct 2017 05:49:37 GMT" skipped="0" hostname="DESKTOP-DG3T5GR" errors="0">
  <testcase name="verifywithvalidcredential" time="17.125" classname="anyAut.Automation.UIanyAut.Navigatiopage.TC_02VerifyReusableComponantsnavigation"/>
</testsuite> <!-- anyAut.Automation.UIanyAut.Navigatiopage.TC_02VerifyReusableComponantsnavigation -->
