<?xml version="1.0" encoding="UTF-8"?>
<!-- Generated by org.testng.reporters.JUnitReportReporter -->
<testsuite name="anyAut.Automation.UIanyAut.Navigatiopage.TC_01VerifyNavigationtoTestPlanLinks" tests="1" time="25.729" ignored="0" failures="0" timestamp="03 Oct 2017 00:36:20 GMT" skipped="0" hostname="DESKTOP-DG3T5GR" errors="0">
  <testcase name="verifywithvalidcredential" time="25.729" classname="anyAut.Automation.UIanyAut.Navigatiopage.TC_01VerifyNavigationtoTestPlanLinks"/>
</testsuite> <!-- anyAut.Automation.UIanyAut.Navigatiopage.TC_01VerifyNavigationtoTestPlanLinks -->
