<?xml version="1.0" encoding="UTF-8"?>
<!-- Generated by org.testng.reporters.JUnitReportReporter -->
<testsuite name="anyAut.Automation.UIanyAut.HomePage.LoginPage.TC07_VerifywithInvalidUsername" tests="1" time="1.398" ignored="0" failures="0" timestamp="28 Sep 2017 18:33:44 GMT" skipped="0" hostname="DESKTOP-DG3T5GR" errors="0">
  <testcase name="verifywithinvlaidusernamefield" time="1.398" classname="anyAut.Automation.UIanyAut.HomePage.LoginPage.TC07_VerifywithInvalidUsername"/>
</testsuite> <!-- anyAut.Automation.UIanyAut.HomePage.LoginPage.TC07_VerifywithInvalidUsername -->
