<?xml version="1.0" encoding="UTF-8"?>
<!-- Generated by org.testng.reporters.JUnitReportReporter -->
<testsuite name="anyAut.Automation.UIanyAut.HomePage.LoginPage.TC05_VerifywithEmptyPasswordField" tests="1" time="1.274" ignored="0" failures="0" timestamp="28 Sep 2017 17:59:08 GMT" skipped="0" hostname="DESKTOP-DG3T5GR" errors="0">
  <testcase name="verifywithemptypasswordfield" time="1.274" classname="anyAut.Automation.UIanyAut.HomePage.LoginPage.TC05_VerifywithEmptyPasswordField"/>
</testsuite> <!-- anyAut.Automation.UIanyAut.HomePage.LoginPage.TC05_VerifywithEmptyPasswordField -->
