<?xml version="1.0" encoding="UTF-8"?>
<!-- Generated by org.testng.reporters.JUnitReportReporter -->
<testsuite name="anyAut.Automation.UIanyAut.HomePage.LoginPage.TC03_VerifyWithDifferentData" tests="2" time="143.071" ignored="0" failures="0" timestamp="30 Sep 2017 01:08:31 GMT" skipped="0" hostname="DESKTOP-DG3T5GR" errors="0">
  <testcase name="verifywithvalidcredential" time="70.368" classname="anyAut.Automation.UIanyAut.HomePage.LoginPage.TC03_VerifyWithDifferentData"/>
  <testcase name="verifywithvalidcredential" time="72.703" classname="anyAut.Automation.UIanyAut.HomePage.LoginPage.TC03_VerifyWithDifferentData"/>
</testsuite> <!-- anyAut.Automation.UIanyAut.HomePage.LoginPage.TC03_VerifyWithDifferentData -->
