<?xml version="1.0" encoding="UTF-8"?>
<!-- Generated by org.testng.reporters.JUnitReportReporter -->
<testsuite name="anyAut.Automation.UIanyAut.AUTPage.TC01_VerifyAUTaddFunctionality" tests="1" time="38.302" ignored="1" failures="0" timestamp="04 Oct 2017 22:07:23 GMT" skipped="0" hostname="DESKTOP-DG3T5GR" errors="0">
  <testcase name="VerifyAUTaddmoduleFunctionality" time="38.302" classname="anyAut.Automation.UIanyAut.AUTPage.TC01_VerifyAUTaddFunctionality"/>
  <testcase name="VerifyAUTaddFunctionality" classname="anyAut.Automation.UIanyAut.AUTPage.TC01_VerifyAUTaddFunctionality">
    <skipped/>
  </testcase> <!-- VerifyAUTaddFunctionality -->
</testsuite> <!-- anyAut.Automation.UIanyAut.AUTPage.TC01_VerifyAUTaddFunctionality -->
