<?xml version="1.0" encoding="UTF-8"?>
<!-- Generated by org.testng.reporters.JUnitReportReporter -->
<testsuite name="anyAut.Automation.UIanyAut.Testcase.TestSteps.VerifyTestCaseTestStepFunctionality" tests="1" time="29.782" ignored="1" failures="0" timestamp="06 Oct 2017 18:14:12 GMT" skipped="0" hostname="DESKTOP-DG3T5GR" errors="0">
  <testcase name="VerifyAUTaddTestCaseFunctionality" time="29.782" classname="anyAut.Automation.UIanyAut.Testcase.TestSteps.VerifyTestCaseTestStepFunctionality"/>
  <testcase name="VerifyaddEditTestStepFunctionality" classname="anyAut.Automation.UIanyAut.Testcase.TestSteps.VerifyTestCaseTestStepFunctionality">
    <skipped/>
  </testcase> <!-- VerifyaddEditTestStepFunctionality -->
</testsuite> <!-- anyAut.Automation.UIanyAut.Testcase.TestSteps.VerifyTestCaseTestStepFunctionality -->
