<?xml version="1.0" encoding="UTF-8"?>
<!-- Generated by org.testng.reporters.JUnitReportReporter -->
<testsuite name="anyAut.Automation.UIanyAut.Testcase.VerifyTestCaseTestStepFunctionality" tests="1" time="28.051" ignored="0" failures="0" timestamp="09 Oct 2017 05:12:33 GMT" skipped="0" hostname="DESKTOP-DG3T5GR" errors="0">
  <testcase name="VerifyAUTaddTestCaseFunctionality" time="28.051" classname="anyAut.Automation.UIanyAut.Testcase.VerifyTestCaseTestStepFunctionality"/>
</testsuite> <!-- anyAut.Automation.UIanyAut.Testcase.VerifyTestCaseTestStepFunctionality -->
