<?xml version="1.0" encoding="UTF-8"?>
<!-- Generated by org.testng.reporters.JUnitReportReporter -->
<testsuite name="anyAut.Automation.UIanyAut.HomePage.LoginPage.TC001_VerifyLogin" tests="1" time="9.300" ignored="0" failures="0" timestamp="28 Sep 2017 17:31:52 GMT" skipped="0" hostname="DESKTOP-DG3T5GR" errors="0">
  <testcase name="verifywithvalidcredential" time="9.300" classname="anyAut.Automation.UIanyAut.HomePage.LoginPage.TC001_VerifyLogin"/>
</testsuite> <!-- anyAut.Automation.UIanyAut.HomePage.LoginPage.TC001_VerifyLogin -->
