<?xml version="1.0" encoding="UTF-8"?>
<!-- Generated by org.testng.reporters.JUnitReportReporter -->
<testsuite name="anyAut.Automation.UIanyAut.HomePage.LoginPage.TC01_VerifyLogin" tests="1" time="15.506" ignored="0" failures="0" timestamp="02 Oct 2017 19:21:39 GMT" skipped="0" hostname="DESKTOP-DG3T5GR" errors="0">
  <testcase name="verifywithvalidcredential" time="15.506" classname="anyAut.Automation.UIanyAut.HomePage.LoginPage.TC01_VerifyLogin"/>
</testsuite> <!-- anyAut.Automation.UIanyAut.HomePage.LoginPage.TC01_VerifyLogin -->
