<?xml version="1.0" encoding="UTF-8"?>
<!-- Generated by org.testng.reporters.JUnitReportReporter -->
<testsuite name="anyAut.Automation.UIanyAut.TestStep.vefiytestCaeeStepFuctionlality" tests="1" time="137.664" ignored="0" failures="0" timestamp="10 Oct 2017 18:07:47 GMT" skipped="0" hostname="DESKTOP-DG3T5GR" errors="0">
  <testcase name="VerifyaddTestStepFunctionality" time="137.664" classname="anyAut.Automation.UIanyAut.TestStep.vefiytestCaeeStepFuctionlality"/>
</testsuite> <!-- anyAut.Automation.UIanyAut.TestStep.vefiytestCaeeStepFuctionlality -->
