<?xml version="1.0" encoding="UTF-8"?>
<!-- Generated by org.testng.reporters.JUnitReportReporter -->
<testsuite name="anyAut.Automation.UIanyAut.HomePage.LoginPage.TC_02VerifyLoginwithInvalidData" tests="1" time="8.523" ignored="0" failures="0" timestamp="28 Sep 2017 17:33:16 GMT" skipped="0" hostname="DESKTOP-DG3T5GR" errors="0">
  <testcase name="verifywithinvalidcredential" time="8.523" classname="anyAut.Automation.UIanyAut.HomePage.LoginPage.TC_02VerifyLoginwithInvalidData"/>
</testsuite> <!-- anyAut.Automation.UIanyAut.HomePage.LoginPage.TC_02VerifyLoginwithInvalidData -->
